(node:1918) [DEP0040] DeprecationWarning: The `punycode` module is deprecated. Please use a userland alternative instead.
(Use `node --trace-deprecation ...` to show where the warning was created)
Warning: unknown package "limber"
Warning: unknown package "@nullvoxpopuli/limber-codemirror"
Warning: unknown package "limber"
Warning: unknown package "tutorial"
Warning: unknown package "limber"
Warning: unknown package "limber"
Warning: unknown package "tutorial"
Warning: unknown package "limber-ui-test-app"
Warning: unknown package "ember-repl-test-app"
Warning: unknown package "@nullvoxpopuli/limber-transpilation"
Warning: unknown package "dev-tools"
Warning: unknown package "@nullvoxpopuli/limber-codemirror"
Warning: unknown package "@nullvoxpopuli/limber-styles"
Warning: unknown package "@nullvoxpopuli/limber-consts"
Warning: unknown package "@nullvoxpopuli/horizon-theme"
Warning: unknown package "@glimdown/lezer-infra"
Warning: unknown package "@nullvoxpopuli/spike-url-shortening"
Warning: unknown package "@glimdown/codemirror-dev-preview"
Warning: unknown package "@nullvoxpopuli/limber-untyped"
Warning: unknown package "@nullvoxpopuli/spike-unified"
(node:1924) [DEP0040] DeprecationWarning: The `punycode` module is deprecated. Please use a userland alternative instead.
(Use `node --trace-deprecation ...` to show where the warning was created)
Warning: unknown package "limber"
Warning: unknown package "limber"
(node:1853) [DEP0040] DeprecationWarning: The `punycode` module is deprecated. Please use a userland alternative instead.
(Use `node --trace-deprecation ...` to show where the warning was created)
(node:1834) [DEP0040] DeprecationWarning: The `punycode` module is deprecated. Please use a userland alternative instead.
(Use `node --trace-deprecation ...` to show where the warning was created)
Warning: unknown package "limber"
(node:1845) [DEP0040] DeprecationWarning: The `punycode` module is deprecated. Please use a userland alternative instead.
(Use `node --trace-deprecation ...` to show where the warning was created)
Warning: unknown package "limber"
Warning: unknown package "tutorial"
Warning: unknown package "dev-tools"
Warning: unknown package "@nullvoxpopuli/limber-codemirror"
Warning: unknown package "@nullvoxpopuli/limber-styles"
Warning: unknown package "@nullvoxpopuli/limber-transpilation"
Warning: unknown package "@nullvoxpopuli/limber-consts"
Warning: unknown package "ember-repl-test-app"
Warning: unknown package "@nullvoxpopuli/horizon-theme"
Warning: unknown package "@glimdown/lezer-infra"
Warning: unknown package "@glimdown/codemirror-dev-preview"
Warning: unknown package "@nullvoxpopuli/spike-url-shortening"
Warning: unknown package "limber"
Warning: unknown package "tutorial"
Warning: unknown package "limber"
Warning: unknown package "@nullvoxpopuli/limber-transpilation"
Warning: unknown package "ember-repl-test-app"
Warning: unknown package "@glimdown/lezer-infra"
Warning: unknown package "limber"
Warning: unknown package "tutorial"
Warning: unknown package "ember-repl-test-app"
# Unlabeled Changes

* Other
  * [#1957](https://github.com/NullVoxPopuli/limber/pull/1957) Closes [#1956](https://github.com/NullVoxPopuli/limber/issues/1956) ([@NullVoxPopuli](https://github.com/NullVoxPopuli))
  * [#1952](https://github.com/NullVoxPopuli/limber/pull/1952) Add vite bundle analyzer ([@NullVoxPopuli](https://github.com/NullVoxPopuli))
* `limber-ui`, `ember-repl`
  * [#1954](https://github.com/NullVoxPopuli/limber/pull/1954) Update core libraries ([@NullVoxPopuli](https://github.com/NullVoxPopuli))
* `limber-ui`, `ember-repl`, `repl-sdk`, `codemirror-lang-glimdown`, `codemirror-lang-glimmer-js`, `codemirror-lang-glimmer-ts`, `codemirror-lang-glimmer`
  * [#1953](https://github.com/NullVoxPopuli/limber/pull/1953) Update deps ([@NullVoxPopuli](https://github.com/NullVoxPopuli))


*Cannot plan release until the above changes are labeled*.
